<?xml version="1.0" encoding="UTF-8"?>
<!-- Generated by org.testng.reporters.JUnitReportReporter -->
<testsuite skipped="0" hostname="SL-1606" name="Tests.SauceDemoWebRDCTest" tests="1" failures="0" timestamp="26 May 2021 23:32:19 GMT" time="12.335" errors="0">
  <testcase name="loginTest" time="12.335" classname="Tests.SauceDemoWebRDCTest"/>
</testsuite> <!-- Tests.SauceDemoWebRDCTest -->
