<?xml version="1.0" encoding="UTF-8"?>
<!-- Generated by org.testng.reporters.JUnitReportReporter -->
<testsuite skipped="0" hostname="SL-1606" name="web.tests.SauceDemoWebRDCTest" tests="1" failures="0" timestamp="2021-06-17T15:39:50 AEST" time="8.188" errors="0">
  <testcase name="loginTest" time="8.188" classname="web.tests.SauceDemoWebRDCTest"/>
  <system-out/>
</testsuite> <!-- web.tests.SauceDemoWebRDCTest -->
