<?xml version="1.0" encoding="UTF-8"?>
<!-- Generated by org.testng.reporters.JUnitReportReporter -->
<testsuite skipped="1" hostname="SL-1606" name="Tests.SauceDemoRDCTest" tests="2" failures="0" timestamp="26 May 2021 23:13:18 GMT" time="0.010" errors="1">
  <testcase name="setupAppium" time="0.010" classname="Tests.SauceDemoRDCTest">
    <error type="java.lang.Error" message="Unresolved compilation problems: 
	platformVersion cannot be resolved
	platformVersion cannot be resolved to a variable
	deviceName cannot be resolved to a variable
	methodName cannot be resolved to a variable
	platformName cannot be resolved
	caps cannot be resolved to a variable
	caps cannot be resolved to a variable
	dateTime cannot be resolved or is not a field
	&#039;&lt;&gt;&#039; operator is not allowed for source level below 1.7
	The method createDriverURL() is undefined for the type SauceDemoRDCTest
">
      <![CDATA[java.lang.Error: Unresolved compilation problems: 
platformVersion cannot be resolved
platformVersion cannot be resolved to a variable
deviceName cannot be resolved to a variable
methodName cannot be resolved to a variable
platformName cannot be resolved
caps cannot be resolved to a variable
caps cannot be resolved to a variable
dateTime cannot be resolved or is not a field
'<>' operator is not allowed for source level below 1.7
The method createDriverURL() is undefined for the type SauceDemoRDCTest

at Tests.SauceDemoRDCTest.setupAppium(SauceDemoRDCTest.java:66)
at sun.reflect.NativeMethodAccessorImpl.invoke0(Native Method)
at sun.reflect.NativeMethodAccessorImpl.invoke(NativeMethodAccessorImpl.java:62)
at sun.reflect.DelegatingMethodAccessorImpl.invoke(DelegatingMethodAccessorImpl.java:43)
at java.lang.reflect.Method.invoke(Method.java:498)
at org.testng.internal.MethodInvocationHelper.invokeMethod(MethodInvocationHelper.java:124)
at org.testng.internal.MethodInvocationHelper.invokeMethodConsideringTimeout(MethodInvocationHelper.java:59)
at org.testng.internal.Invoker.invokeConfigurationMethod(Invoker.java:458)
at org.testng.internal.Invoker.invokeConfigurations(Invoker.java:222)
at org.testng.internal.Invoker.invokeConfigurations(Invoker.java:142)
at org.testng.SuiteRunner.privateRun(SuiteRunner.java:401)
at org.testng.SuiteRunner.run(SuiteRunner.java:364)
at org.testng.SuiteRunnerWorker.runSuite(SuiteRunnerWorker.java:52)
at org.testng.SuiteRunnerWorker.run(SuiteRunnerWorker.java:84)
at org.testng.TestNG.runSuitesSequentially(TestNG.java:1208)
at org.testng.TestNG.runSuitesLocally(TestNG.java:1137)
at org.testng.TestNG.runSuites(TestNG.java:1049)
at org.testng.TestNG.run(TestNG.java:1017)
at org.testng.remote.AbstractRemoteTestNG.run(AbstractRemoteTestNG.java:115)
at org.testng.remote.RemoteTestNG.initAndRun(RemoteTestNG.java:251)
at org.testng.remote.RemoteTestNG.main(RemoteTestNG.java:77)
]]>
    </error>
  </testcase> <!-- setupAppium -->
  <testcase name="loginTest" time="0.000" classname="Tests.SauceDemoRDCTest">
    <skipped/>
  </testcase> <!-- loginTest -->
</testsuite> <!-- Tests.SauceDemoRDCTest -->
