<?xml version="1.0" encoding="UTF-8"?>
<!-- Generated by org.testng.reporters.JUnitReportReporter -->
<testsuite skipped="0" hostname="SL-1606" name="web.tests.SauceDemoWebSimTest" tests="1" failures="0" timestamp="2021-06-17T15:42:33 AEST" time="23.364" errors="0">
  <testcase name="loginTest" time="23.364" classname="web.tests.SauceDemoWebSimTest"/>
  <system-out/>
</testsuite> <!-- web.tests.SauceDemoWebSimTest -->
