<?xml version="1.0" encoding="UTF-8"?>
<!-- Generated by org.testng.reporters.JUnitReportReporter -->
<testsuite skipped="0" hostname="Etiennes-MBP.lan" name="Tests.TextInputTest" tests="2" failures="0" timestamp="13 Jan 2021 03:38:59 GMT" time="120.206" errors="0">
  <testcase name="verifyCommentInputTest" time="62.203" classname="Tests.TextInputTest"/>
  <testcase name="verifyCommentInputTest" time="58.003" classname="Tests.TextInputTest"/>
</testsuite> <!-- Tests.TextInputTest -->
